
**** Clean-only build of configuration Debug for project testlinkedlist ****

make clean 
rm -rf  ./linkedlist.o ./main.o  ./linkedlist.d ./main.d  testlinkedlist
 

**** Build Finished ****

**** Clean-only build of configuration Debug for project testdoublylinkedlist ****

make clean 
rm -rf  ./src/doublylinkedlist.o ./src/main.o  ./src/doublylinkedlist.d ./src/main.d  testdoublylinkedlist
 

**** Build Finished ****

**** Clean-only build of configuration Debug for project testlinkedlist ****

make clean 
rm -rf  ./linkedlist.o ./main.o  ./linkedlist.d ./main.d  testlinkedlist
 

**** Build Finished ****

**** Build of configuration Debug for project testdoublylinkedlist ****

make all 
Building file: ../src/doublylinkedlist.c
Invoking: GCC C Compiler
gcc -O0 -g3 -Wall -c -fmessage-length=0 -MMD -MP -MF"src/doublylinkedlist.d" -MT"src/doublylinkedlist.d" -o "src/doublylinkedlist.o" "../src/doublylinkedlist.c"
Finished building: ../src/doublylinkedlist.c
 
Building file: ../src/main.c
Invoking: GCC C Compiler
gcc -O0 -g3 -Wall -c -fmessage-length=0 -MMD -MP -MF"src/main.d" -MT"src/main.d" -o "src/main.o" "../src/main.c"
../src/main.c: In function ‘main’:
../src/main.c:78:2: warning: suggest parentheses around assignment used as truth value
Finished building: ../src/main.c
 
Building target: testdoublylinkedlist
Invoking: GCC C Linker
gcc  -o "testdoublylinkedlist"  ./src/doublylinkedlist.o ./src/main.o   
Finished building target: testdoublylinkedlist
 

**** Build Finished ****

**** Build of configuration Debug for project testlinkedlist ****

make all 
Building file: ../linkedlist.c
Invoking: GCC C Compiler
gcc -O0 -g3 -Wall -c -fmessage-length=0 -MMD -MP -MF"linkedlist.d" -MT"linkedlist.d" -o "linkedlist.o" "../linkedlist.c"
Finished building: ../linkedlist.c
 
Building file: ../main.c
Invoking: GCC C Compiler
gcc -O0 -g3 -Wall -c -fmessage-length=0 -MMD -MP -MF"main.d" -MT"main.d" -o "main.o" "../main.c"
../main.c:51:30: fatal error: doublylinkedlist.h: 没有那个文件或目录
compilation terminated.
make: *** [main.o] 错误 1

**** Build Finished ****

**** Build of configuration Debug for project testdoublylinkedlist ****

make all 
Building file: ../src/main.c
Invoking: GCC C Compiler
gcc -O0 -g3 -Wall -c -fmessage-length=0 -MMD -MP -MF"src/main.d" -MT"src/main.d" -o "src/main.o" "../src/main.c"
../src/main.c: In function ‘main’:
../src/main.c:37:2: warning: suggest parentheses around assignment used as truth value
Finished building: ../src/main.c
 
Building target: testdoublylinkedlist
Invoking: GCC C Linker
gcc  -o "testdoublylinkedlist"  ./src/doublylinkedlist.o ./src/main.o   
Finished building target: testdoublylinkedlist
 

**** Build Finished ****

**** Build of configuration Debug for project testdoublylinkedlist ****

make all 
Building file: ../src/doublylinkedlist.c
Invoking: GCC C Compiler
gcc -O0 -g3 -Wall -c -fmessage-length=0 -MMD -MP -MF"src/doublylinkedlist.d" -MT"src/doublylinkedlist.d" -o "src/doublylinkedlist.o" "../src/doublylinkedlist.c"
Finished building: ../src/doublylinkedlist.c
 
Building file: ../src/main.c
Invoking: GCC C Compiler
gcc -O0 -g3 -Wall -c -fmessage-length=0 -MMD -MP -MF"src/main.d" -MT"src/main.d" -o "src/main.o" "../src/main.c"
../src/main.c: In function ‘main’:
../src/main.c:37:2: warning: suggest parentheses around assignment used as truth value
Finished building: ../src/main.c
 
Building target: testdoublylinkedlist
Invoking: GCC C Linker
gcc  -o "testdoublylinkedlist"  ./src/doublylinkedlist.o ./src/main.o   
Finished building target: testdoublylinkedlist
 

**** Build Finished ****

**** Build of configuration Debug for project testdoublylinkedlist ****

make all 
make: 没有什么可以做的为 `all'。

**** Build Finished ****

**** Build of configuration Debug for project testlinkedlist ****

make all 
Building file: ../linkedlist.c
Invoking: GCC C Compiler
gcc -O0 -g3 -Wall -c -fmessage-length=0 -MMD -MP -MF"linkedlist.d" -MT"linkedlist.d" -o "linkedlist.o" "../linkedlist.c"
Finished building: ../linkedlist.c
 
Building file: ../main.c
Invoking: GCC C Compiler
gcc -O0 -g3 -Wall -c -fmessage-length=0 -MMD -MP -MF"main.d" -MT"main.d" -o "main.o" "../main.c"
../main.c: In function ‘main’:
../main.c:38:2: warning: suggest parentheses around assignment used as truth value
Finished building: ../main.c
 
Building target: testlinkedlist
Invoking: GCC C Linker
gcc  -o "testlinkedlist"  ./linkedlist.o ./main.o   
Finished building target: testlinkedlist
 

**** Build Finished ****

**** Build of configuration Debug for project testlinkedlist ****

make all 
make: 没有什么可以做的为 `all'。

**** Build Finished ****

**** Build of configuration Debug for project testdoublylinkedlist ****

make all 
make: 没有什么可以做的为 `all'。

**** Build Finished ****

**** Build of configuration Debug for project testdoublylinkedlist ****

make all 
make: 没有什么可以做的为 `all'。

**** Build Finished ****

**** Build of configuration Debug for project testlinkedlist ****

make all 
Building file: ../main.c
Invoking: GCC C Compiler
gcc -O0 -g3 -Wall -c -fmessage-length=0 -MMD -MP -MF"main.d" -MT"main.d" -o "main.o" "../main.c"
Finished building: ../main.c
 
Building target: testlinkedlist
Invoking: GCC C Linker
gcc  -o "testlinkedlist"  ./linkedlist.o ./main.o   
Finished building target: testlinkedlist
 

**** Build Finished ****

**** Build of configuration Debug for project testdoublylinkedlist ****

make all 
Building file: ../src/main.c
Invoking: GCC C Compiler
gcc -O0 -g3 -Wall -c -fmessage-length=0 -MMD -MP -MF"src/main.d" -MT"src/main.d" -o "src/main.o" "../src/main.c"
Finished building: ../src/main.c
 
Building target: testdoublylinkedlist
Invoking: GCC C Linker
gcc  -o "testdoublylinkedlist"  ./src/doublylinkedlist.o ./src/main.o   
Finished building target: testdoublylinkedlist
 

**** Build Finished ****

**** Build of configuration Debug for project testdoublylinkedlist ****

make all 
Building file: ../src/main.c
Invoking: GCC C Compiler
gcc -O0 -g3 -Wall -c -fmessage-length=0 -MMD -MP -MF"src/main.d" -MT"src/main.d" -o "src/main.o" "../src/main.c"
Finished building: ../src/main.c
 
Building target: testdoublylinkedlist
Invoking: GCC C Linker
gcc  -o "testdoublylinkedlist"  ./src/doublylinkedlist.o ./src/main.o   
Finished building target: testdoublylinkedlist
 

**** Build Finished ****
